SF:lib/src/widgets/fields/ds_internal_field.dart
DA:23,1
DA:38,0
DA:39,0
DA:46,1
DA:48,1
DA:50,1
DA:51,1
DA:52,1
DA:53,1
DA:54,1
DA:55,0
DA:56,0
DA:57,0
DA:59,0
DA:63,0
DA:65,1
DA:66,1
DA:67,1
DA:68,1
DA:69,1
DA:70,1
DA:71,1
LF:22
LH:15
end_of_record
SF:lib/src/themes/app_theme.dart
DA:5,0
DA:6,0
LF:2
LH:0
end_of_record
SF:lib/src/responsiveness/ds_layout_resolver.dart
DA:10,0
DA:17,0
DA:19,0
DA:21,0
DA:22,0
DA:23,0
LF:6
LH:0
end_of_record
SF:lib/src/responsiveness/responsive.dart
DA:9,1
DA:13,3
DA:14,4
DA:15,3
DA:17,1
DA:18,1
DA:19,0
DA:26,1
DA:27,1
DA:29,1
LF:10
LH:9
end_of_record
SF:lib/src/themes/dark/dark_theme.dart
DA:6,0
DA:7,0
DA:20,0
DA:21,0
DA:22,0
DA:23,0
LF:6
LH:0
end_of_record
SF:lib/src/themes/light/light_theme.dart
DA:6,0
DA:7,0
DA:20,0
DA:21,0
DA:22,0
DA:23,0
DA:29,0
DA:30,0
DA:32,0
DA:33,0
LF:10
LH:0
end_of_record
SF:lib/src/widgets/app_bar/ds_app_bar.dart
DA:10,0
DA:16,0
DA:19,0
DA:21,0
DA:22,0
DA:23,0
LF:6
LH:0
end_of_record
SF:lib/src/widgets/fields/ds_dropdown_field.dart
DA:14,0
DA:24,0
DA:32,0
DA:34,0
DA:36,0
DA:37,0
DA:38,0
DA:39,0
DA:40,0
DA:41,0
DA:42,0
DA:43,0
DA:44,0
DA:46,0
DA:50,0
LF:15
LH:0
end_of_record
SF:lib/src/widgets/fields/ds_password_field.dart
DA:13,1
DA:23,1
DA:24,1
DA:30,0
DA:31,0
DA:32,0
DA:36,1
DA:38,1
DA:39,2
DA:40,2
DA:41,2
DA:42,1
DA:43,2
DA:44,2
DA:45,1
DA:46,1
DA:47,1
DA:48,1
LF:18
LH:15
end_of_record
SF:lib/src/widgets/fields/ds_text_field.dart
DA:19,0
DA:33,0
DA:35,0
DA:36,0
DA:37,0
DA:38,0
DA:39,0
DA:40,0
DA:41,0
DA:42,0
DA:43,0
DA:44,0
LF:12
LH:0
end_of_record
SF:lib/src/widgets/side_bar/menu/ds_menu_bar.dart
DA:11,0
DA:19,0
DA:21,0
DA:22,0
DA:24,0
DA:25,0
DA:26,0
DA:27,0
DA:28,0
DA:29,0
DA:30,0
DA:33,0
DA:34,0
DA:35,0
DA:36,0
DA:38,0
DA:39,0
DA:40,0
DA:41,0
DA:42,0
DA:44,0
DA:45,0
DA:46,0
DA:47,0
DA:48,0
DA:49,0
DA:50,0
LF:27
LH:0
end_of_record
SF:lib/src/widgets/side_bar/menu/ds_menu_bar_item.dart
DA:10,0
DA:17,0
DA:18,0
DA:24,0
DA:26,0
DA:27,0
DA:28,0
DA:29,0
DA:30,0
DA:32,0
DA:34,0
DA:35,0
DA:36,0
DA:37,0
DA:38,0
DA:41,0
DA:42,0
DA:43,0
DA:45,0
DA:46,0
DA:47,0
DA:48,0
DA:51,0
DA:52,0
DA:53,0
DA:54,0
DA:55,0
DA:57,0
DA:58,0
DA:59,0
DA:61,0
DA:62,0
DA:63,0
DA:64,0
DA:65,0
LF:35
LH:0
end_of_record
SF:lib/src/widgets/side_bar/side/ds_side_bar.dart
DA:13,0
DA:23,0
DA:25,0
DA:27,0
DA:28,0
DA:30,0
DA:31,0
DA:32,0
DA:33,0
DA:34,0
DA:35,0
DA:36,0
DA:37,0
DA:40,0
DA:41,0
DA:42,0
LF:16
LH:0
end_of_record
SF:lib/src/widgets/side_bar/side/ds_side_bar_item.dart
DA:8,0
DA:15,0
DA:17,0
DA:18,0
DA:19,0
DA:20,0
DA:22,0
DA:23,0
DA:24,0
DA:26,0
DA:28,0
LF:11
LH:0
end_of_record
SF:lib/src/widgets/fields/ds_default_field.dart
DA:11,1
DA:17,1
DA:19,1
DA:21,1
DA:22,2
DA:23,2
DA:24,1
LF:7
LH:7
end_of_record
