SF:lib/src/core/interfaces/repository.dart
DA:6,1
DA:8,1
DA:13,1
DA:15,0
DA:16,1
DA:17,0
DA:18,0
DA:19,0
DA:23,0
DA:24,1
DA:25,0
LF:11
LH:5
end_of_record
SF:lib/src/core/exceptions/app_exception.dart
DA:6,0
DA:12,0
DA:14,0
DA:19,0
DA:28,0
DA:30,0
LF:6
LH:0
end_of_record
SF:lib/src/core/enums/unit_measurement_enum.dart
DA:12,0
DA:13,0
DA:17,0
DA:19,0
DA:20,0
DA:21,0
DA:22,0
DA:23,0
DA:27,0
DA:29,0
DA:30,0
DA:31,0
DA:32,0
DA:33,0
LF:14
LH:0
end_of_record
SF:lib/src/core/exceptions/validation_exception.dart
DA:4,0
LF:1
LH:0
end_of_record
SF:lib/src/core/formatters/price_formatter.dart
DA:6,0
DA:8,0
DA:9,0
LF:3
LH:0
end_of_record
SF:lib/src/core/guards/can_be_authenticated_guard.dart
DA:8,0
DA:10,0
DA:12,0
DA:14,0
DA:16,0
LF:5
LH:0
end_of_record
SF:lib/src/core/guards/not_can_be_authenticated_guard.dart
DA:8,0
DA:10,0
DA:12,0
DA:14,0
LF:4
LH:0
end_of_record
SF:lib/src/modules/intl/domain/stores/intl_store.dart
DA:5,0
DA:7,0
DA:9,0
DA:10,0
LF:4
LH:0
end_of_record
SF:lib/src/modules/intl/intl_module.dart
DA:6,0
DA:8,0
LF:2
LH:0
end_of_record
SF:lib/src/modules/theme/domain/stores/theme_store.dart
DA:6,0
DA:8,0
DA:10,0
DA:11,0
DA:12,0
DA:14,0
LF:6
LH:0
end_of_record
SF:lib/src/modules/theme/theme_module.dart
DA:6,0
DA:8,0
LF:2
LH:0
end_of_record
SF:lib/src/modules/user/domain/stores/user_store.dart
DA:9,0
DA:11,0
DA:13,0
DA:14,0
DA:16,0
DA:18,0
DA:19,0
DA:20,0
DA:24,0
DA:25,0
DA:27,0
DA:29,0
DA:30,0
DA:31,0
DA:35,0
DA:36,0
DA:38,0
DA:40,0
LF:18
LH:0
end_of_record
SF:lib/src/modules/user/user_module.dart
DA:8,0
DA:9,0
DA:11,0
DA:13,0
DA:14,0
LF:5
LH:0
end_of_record
SF:lib/src/components/mobile_template_component.dart
DA:15,0
DA:23,0
DA:25,0
DA:27,0
DA:28,0
DA:31,0
DA:33,0
DA:34,0
DA:36,0
DA:37,0
DA:38,0
DA:39,0
DA:40,0
DA:45,0
DA:46,0
DA:47,0
DA:49,0
DA:51,0
DA:52,0
LF:19
LH:0
end_of_record
SF:lib/src/components/theme_button_component.dart
DA:7,0
DA:12,0
DA:14,0
DA:15,0
DA:16,0
DA:17,0
DA:18,0
DA:19,0
LF:8
LH:0
end_of_record
SF:lib/src/core/models/drawer_model.dart
DA:9,0
DA:16,0
DA:17,0
DA:18,0
DA:22,0
DA:23,0
DA:27,0
DA:28,0
LF:8
LH:0
end_of_record
SF:lib/src/core/services/firebase/firebase.dart
DA:6,0
DA:7,0
DA:8,0
LF:3
LH:0
end_of_record
SF:lib/src/core/services/http/helpers/exceptions.dart
DA:6,0
DA:14,0
LF:2
LH:0
end_of_record
SF:lib/src/core/services/http/helpers/responses.dart
DA:5,0
LF:1
LH:0
end_of_record
SF:lib/src/core/services/http/i_http_service.dart
DA:6,0
LF:1
LH:0
end_of_record
SF:lib/src/core/services/navigator/navigator_service.dart
DA:7,0
DA:11,0
DA:12,0
DA:13,0
DA:17,0
DA:19,0
DA:20,0
DA:23,0
DA:24,0
DA:27,0
DA:28,0
LF:11
LH:0
end_of_record
SF:lib/src/core/services/result/result.dart
DA:5,0
DA:8,0
DA:22,0
DA:24,0
DA:27,0
DA:30,0
DA:35,0
DA:42,0
DA:44,0
DA:47,0
DA:50,0
DA:55,0
LF:12
LH:0
end_of_record
SF:lib/src/core/services/service_module.dart
DA:11,0
DA:13,0
DA:14,0
DA:15,0
DA:18,0
DA:19,0
DA:20,0
DA:21,0
DA:22,0
LF:9
LH:0
end_of_record
SF:lib/src/core/services/firebase/auth/firebase_auth_service.dart
DA:6,0
DA:11,0
DA:13,0
DA:16,0
DA:18,0
DA:20,0
DA:23,0
DA:25,0
DA:28,0
DA:29,0
LF:10
LH:0
end_of_record
SF:lib/src/core/services/firebase/auth/helpers/models/user_auth_model.dart
DA:2,0
LF:1
LH:0
end_of_record
SF:lib/src/core/services/firebase/auth/providers/email/email_provider.dart
DA:8,0
DA:12,0
DA:14,0
DA:17,0
DA:22,0
DA:25,0
DA:28,0
DA:33,0
DA:36,0
DA:42,0
DA:43,0
DA:44,0
DA:45,0
DA:46,0
DA:48,0
DA:50,0
DA:51,0
DA:53,0
DA:55,0
DA:56,0
DA:58,0
DA:60,0
DA:61,0
DA:63,0
DA:65,0
DA:67,0
DA:69,0
DA:71,0
DA:72,0
DA:73,0
DA:75,0
DA:81,0
DA:83,0
LF:33
LH:0
end_of_record
SF:lib/src/core/services/firebase/auth/helpers/exceptions/auth_exception.dart
DA:4,0
LF:1
LH:0
end_of_record
SF:lib/src/core/services/firebase/auth/helpers/exceptions/invalid_email_exception.dart
DA:4,0
DA:9,0
LF:2
LH:0
end_of_record
SF:lib/src/core/services/firebase/auth/helpers/exceptions/logged_out_exception.dart
DA:4,0
DA:9,0
LF:2
LH:0
end_of_record
SF:lib/src/core/services/firebase/auth/helpers/exceptions/user_disabled_exception.dart
DA:4,0
DA:9,0
LF:2
LH:0
end_of_record
SF:lib/src/core/services/firebase/auth/helpers/exceptions/user_not_found_exception.dart
DA:4,0
DA:9,0
LF:2
LH:0
end_of_record
SF:lib/src/core/services/firebase/auth/helpers/exceptions/wrong_password_exception.dart
DA:4,0
DA:9,0
LF:2
LH:0
end_of_record
SF:lib/src/core/services/firebase/auth/helpers/mappers/auth_mapper.dart
DA:6,0
DA:7,0
DA:8,0
DA:9,0
LF:4
LH:0
end_of_record
SF:lib/src/core/services/firebase/firebase_options.dart
DA:18,0
DA:22,0
DA:23,0
DA:25,0
DA:27,0
DA:29,0
DA:30,0
DA:34,0
DA:35,0
DA:40,0
LF:10
LH:0
end_of_record
SF:lib/src/core/services/http/dio_http_service.dart
DA:12,0
DA:13,0
DA:16,0
DA:19,0
DA:20,0
DA:21,0
DA:22,0
DA:24,0
DA:25,0
DA:26,0
DA:28,0
DA:33,0
DA:39,0
DA:44,0
DA:45,0
DA:46,0
DA:48,0
DA:49,0
DA:50,0
DA:51,0
DA:54,0
DA:55,0
DA:57,0
DA:62,0
DA:65,0
DA:66,0
DA:67,0
DA:68,0
DA:70,0
DA:71,0
DA:72,0
DA:74,0
DA:79,0
DA:98,0
DA:100,0
DA:102,0
DA:103,0
DA:104,0
DA:109,0
DA:112,0
DA:115,0
DA:118,0
LF:42
LH:0
end_of_record
SF:lib/src/core/services/http/interceptors/header_interceptor.dart
DA:5,0
DA:10,0
DA:11,0
DA:13,0
DA:14,0
DA:17,0
DA:18,0
DA:21,0
DA:24,0
DA:27,0
DA:30,0
DA:32,0
LF:12
LH:0
end_of_record
SF:lib/src/core/services/snack_bar/scaffold_messenger_snack_bar_service.dart
DA:8,0
DA:9,0
DA:11,0
DA:13,0
DA:14,0
DA:16,0
DA:18,0
DA:21,0
DA:23,0
DA:26,0
DA:28,0
DA:29,0
LF:12
LH:0
end_of_record
SF:lib/src/modules/user/data/mappers/user_mapper.dart
DA:5,0
DA:6,0
LF:2
LH:0
end_of_record
SF:lib/src/modules/user/domain/entities/user_entity.dart
DA:5,0
LF:1
LH:0
end_of_record
SF:lib/src/modules/user/data/repositories/user_repository.dart
DA:9,0
DA:11,0
DA:13,0
DA:14,0
DA:16,0
DA:20,0
DA:22,0
DA:23,0
DA:25,0
DA:29,0
DA:31,0
DA:32,0
LF:12
LH:0
end_of_record
SF:lib/src/modules/user/domain/stores/user_state.dart
DA:6,1
DA:8,0
DA:14,0
DA:18,1
LF:4
LH:2
end_of_record
