SF:lib/src/data/mappers/packaging_mapper.dart
DA:5,0
DA:6,0
DA:7,0
DA:8,0
DA:9,0
DA:10,0
DA:11,0
DA:12,0
DA:16,0
DA:17,0
DA:18,0
DA:19,0
DA:20,0
DA:21,0
DA:22,0
LF:15
LH:0
end_of_record
SF:lib/src/data/repositories/packaging_repository.dart
DA:11,1
DA:13,1
DA:17,1
DA:19,1
DA:20,3
DA:21,0
DA:23,0
DA:30,0
DA:32,0
DA:33,0
DA:35,0
DA:37,0
DA:39,0
LF:13
LH:5
end_of_record
SF:lib/src/domain/helpers/params/add_packaging_param.dart
DA:8,1
LF:1
LH:1
end_of_record
SF:lib/src/domain/entities/packaging_entity.dart
DA:9,0
LF:1
LH:0
end_of_record
